TN:
SF:/home/jadarsh_pj/folder/NFT-Marketplace/contracts/NftMarketplace.sol
FN:51,notListed
FN:59,isListed
FN:67,isOwner
FN:109,listItem
FN:129,cancelListing
FN:150,buyItem
FN:182,updateListing
FN:195,withdrawProceeds
FN:209,getListing
FN:216,getProceeds
FNF:10
FNH:10
FNDA:15,notListed
FNDA:10,isListed
FNDA:20,isOwner
FNDA:13,listItem
FNDA:1,cancelListing
FNDA:3,buyItem
FNDA:2,updateListing
FNDA:2,withdrawProceeds
FNDA:3,getListing
FNDA:2,getProceeds
DA:52,15
DA:53,15
DA:54,1
DA:56,14
DA:60,10
DA:61,10
DA:62,3
DA:64,7
DA:72,20
DA:73,20
DA:74,20
DA:75,3
DA:77,17
DA:110,13
DA:111,1
DA:113,12
DA:114,12
DA:115,1
DA:117,11
DA:118,11
DA:130,1
DA:131,1
DA:156,3
DA:157,3
DA:158,1
DA:160,2
DA:163,2
DA:164,2
DA:165,2
DA:185,2
DA:186,1
DA:188,1
DA:189,1
DA:196,2
DA:197,2
DA:198,1
DA:200,1
DA:201,1
DA:202,1
DA:213,3
DA:217,2
LF:41
LH:41
BRDA:53,1,0,1
BRDA:53,1,1,14
BRDA:61,2,0,3
BRDA:61,2,1,7
BRDA:74,3,0,3
BRDA:74,3,1,17
BRDA:109,4,0,14
BRDA:109,4,1,1
BRDA:109,5,0,13
BRDA:109,5,1,1
BRDA:110,6,0,1
BRDA:110,6,1,12
BRDA:114,7,0,1
BRDA:114,7,1,11
BRDA:129,8,0,2
BRDA:129,8,1,1
BRDA:129,9,0,1
BRDA:129,9,1,1
BRDA:148,10,0,3
BRDA:148,10,1,1
BRDA:150,11,0,3
BRDA:150,11,1,0
BRDA:157,12,0,1
BRDA:157,12,1,2
BRDA:180,13,0,3
BRDA:180,13,1,1
BRDA:181,14,0,3
BRDA:181,14,1,0
BRDA:182,15,0,2
BRDA:182,15,1,1
BRDA:185,16,0,1
BRDA:185,16,1,1
BRDA:197,17,0,1
BRDA:197,17,1,1
BRDA:202,18,0,1
BRDA:202,18,1,0
BRF:36
BRH:33
end_of_record
TN:
SF:/home/jadarsh_pj/folder/NFT-Marketplace/contracts/tests/BasicNft.sol
FN:13,constructor
FN:17,mintNft
FN:23,tokenURI
FN:28,getTokenCounter
FNF:4
FNH:2
FNDA:3,constructor
FNDA:17,mintNft
FNDA:0,tokenURI
FNDA:0,getTokenCounter
DA:14,3
DA:18,17
DA:19,17
DA:20,17
DA:24,0
DA:25,0
DA:29,0
LF:7
LH:4
BRDA:24,1,0,0
BRDA:24,1,1,0
BRF:2
BRH:0
end_of_record
